2025-04-20T19:11:57.170+05:30  INFO 25378 --- [springMvcProject] [restartedMain] c.s.m.s.SpringMvcProjectApplication      : Starting SpringMvcProjectApplication using Java 21.0.6 with PID 25378 (/Users/shayan/Desktop/springMvcProject/target/classes started by shayan in /Users/shayan/Desktop/springMvcProject)
2025-04-20T19:11:57.171+05:30  INFO 25378 --- [springMvcProject] [restartedMain] c.s.m.s.SpringMvcProjectApplication      : No active profile set, falling back to 1 default profile: "default"
2025-04-20T19:11:57.201+05:30  INFO 25378 --- [springMvcProject] [restartedMain] .e.DevToolsPropertyDefaultsPostProcessor : Devtools property defaults active! Set 'spring.devtools.add-properties' to 'false' to disable
2025-04-20T19:11:57.201+05:30  INFO 25378 --- [springMvcProject] [restartedMain] .e.DevToolsPropertyDefaultsPostProcessor : For additional web related logging consider setting the 'logging.level.web' property to 'DEBUG'
2025-04-20T19:11:57.636+05:30  INFO 25378 --- [springMvcProject] [restartedMain] o.s.b.w.embedded.tomcat.TomcatWebServer  : Tomcat initialized with port 8080 (http)
2025-04-20T19:11:57.644+05:30  INFO 25378 --- [springMvcProject] [restartedMain] o.apache.catalina.core.StandardService   : Starting service [Tomcat]
2025-04-20T19:11:57.644+05:30  INFO 25378 --- [springMvcProject] [restartedMain] o.apache.catalina.core.StandardEngine    : Starting Servlet engine: [Apache Tomcat/10.1.39]
2025-04-20T19:11:57.659+05:30  INFO 25378 --- [springMvcProject] [restartedMain] o.a.c.c.C.[Tomcat].[localhost].[/]       : Initializing Spring embedded WebApplicationContext
2025-04-20T19:11:57.659+05:30  INFO 25378 --- [springMvcProject] [restartedMain] w.s.c.ServletWebServerApplicationContext : Root WebApplicationContext: initialization completed in 457 ms
2025-04-20T19:11:57.820+05:30  INFO 25378 --- [springMvcProject] [restartedMain] o.s.b.d.a.OptionalLiveReloadServer       : LiveReload server is running on port 35729
2025-04-20T19:11:57.833+05:30  INFO 25378 --- [springMvcProject] [restartedMain] o.s.b.w.embedded.tomcat.TomcatWebServer  : Tomcat started on port 8080 (http) with context path '/'
2025-04-20T19:11:57.839+05:30  INFO 25378 --- [springMvcProject] [restartedMain] c.s.m.s.SpringMvcProjectApplication      : Started SpringMvcProjectApplication in 0.982 seconds (process running for 1.229)
2025-04-20T19:12:00.781+05:30  INFO 25378 --- [springMvcProject] [http-nio-8080-exec-2] o.a.c.c.C.[Tomcat].[localhost].[/]       : Initializing Spring DispatcherServlet 'dispatcherServlet'
2025-04-20T19:12:00.781+05:30  INFO 25378 --- [springMvcProject] [http-nio-8080-exec-2] o.s.web.servlet.DispatcherServlet        : Initializing Servlet 'dispatcherServlet'
2025-04-20T19:12:00.787+05:30  INFO 25378 --- [springMvcProject] [http-nio-8080-exec-2] o.s.web.servlet.DispatcherServlet        : Completed initialization in 4 ms
2025-04-20T19:12:00.821+05:30 ERROR 25378 --- [springMvcProject] [http-nio-8080-exec-2] c.s.m.s.controllers.ProductController    : ProductName : its just testing
2025-04-20T19:12:00.821+05:30  WARN 25378 --- [springMvcProject] [http-nio-8080-exec-2] c.s.m.s.controllers.ProductController    : ProductId : 1234
2025-04-20T19:12:00.821+05:30  INFO 25378 --- [springMvcProject] [http-nio-8080-exec-2] c.s.m.s.controllers.ProductController    : ProductRating : 2345
2025-04-20T19:12:10.287+05:30  INFO 25378 --- [springMvcProject] [SpringApplicationShutdownHook] o.s.b.w.e.tomcat.GracefulShutdown        : Commencing graceful shutdown. Waiting for active requests to complete
2025-04-20T19:12:10.293+05:30  INFO 25378 --- [springMvcProject] [tomcat-shutdown] o.s.b.w.e.tomcat.GracefulShutdown        : Graceful shutdown complete
2025-04-20T19:12:11.700+05:30  INFO 25595 --- [springMvcProject] [restartedMain] c.s.m.s.SpringMvcProjectApplication      : Starting SpringMvcProjectApplication using Java 21.0.6 with PID 25595 (/Users/shayan/Desktop/springMvcProject/target/classes started by shayan in /Users/shayan/Desktop/springMvcProject)
2025-04-20T19:12:11.703+05:30  INFO 25595 --- [springMvcProject] [restartedMain] c.s.m.s.SpringMvcProjectApplication      : No active profile set, falling back to 1 default profile: "default"
2025-04-20T19:12:11.727+05:30  INFO 25595 --- [springMvcProject] [restartedMain] .e.DevToolsPropertyDefaultsPostProcessor : Devtools property defaults active! Set 'spring.devtools.add-properties' to 'false' to disable
2025-04-20T19:12:11.727+05:30  INFO 25595 --- [springMvcProject] [restartedMain] .e.DevToolsPropertyDefaultsPostProcessor : For additional web related logging consider setting the 'logging.level.web' property to 'DEBUG'
2025-04-20T19:12:12.201+05:30  INFO 25595 --- [springMvcProject] [restartedMain] o.s.b.w.embedded.tomcat.TomcatWebServer  : Tomcat initialized with port 8080 (http)
2025-04-20T19:12:12.209+05:30  INFO 25595 --- [springMvcProject] [restartedMain] o.apache.catalina.core.StandardService   : Starting service [Tomcat]
2025-04-20T19:12:12.210+05:30  INFO 25595 --- [springMvcProject] [restartedMain] o.apache.catalina.core.StandardEngine    : Starting Servlet engine: [Apache Tomcat/10.1.39]
2025-04-20T19:12:12.226+05:30  INFO 25595 --- [springMvcProject] [restartedMain] o.a.c.c.C.[Tomcat].[localhost].[/]       : Initializing Spring embedded WebApplicationContext
2025-04-20T19:12:12.227+05:30  INFO 25595 --- [springMvcProject] [restartedMain] w.s.c.ServletWebServerApplicationContext : Root WebApplicationContext: initialization completed in 499 ms
2025-04-20T19:12:12.400+05:30  INFO 25595 --- [springMvcProject] [restartedMain] o.s.b.d.a.OptionalLiveReloadServer       : LiveReload server is running on port 35729
2025-04-20T19:12:12.413+05:30  INFO 25595 --- [springMvcProject] [restartedMain] o.s.b.w.embedded.tomcat.TomcatWebServer  : Tomcat started on port 8080 (http) with context path '/'
2025-04-20T19:12:12.418+05:30  INFO 25595 --- [springMvcProject] [restartedMain] c.s.m.s.SpringMvcProjectApplication      : Started SpringMvcProjectApplication in 0.996 seconds (process running for 1.242)
2025-04-20T19:12:14.092+05:30  INFO 25595 --- [springMvcProject] [http-nio-8080-exec-2] o.a.c.c.C.[Tomcat].[localhost].[/]       : Initializing Spring DispatcherServlet 'dispatcherServlet'
2025-04-20T19:12:14.092+05:30  INFO 25595 --- [springMvcProject] [http-nio-8080-exec-2] o.s.web.servlet.DispatcherServlet        : Initializing Servlet 'dispatcherServlet'
2025-04-20T19:12:14.093+05:30  INFO 25595 --- [springMvcProject] [http-nio-8080-exec-2] o.s.web.servlet.DispatcherServlet        : Completed initialization in 0 ms
2025-04-20T19:12:14.117+05:30 ERROR 25595 --- [springMvcProject] [http-nio-8080-exec-2] c.s.m.s.controllers.ProductController    : ProductName : its just testing
2025-04-20T19:12:14.117+05:30  WARN 25595 --- [springMvcProject] [http-nio-8080-exec-2] c.s.m.s.controllers.ProductController    : ProductId : 1234
2025-04-20T19:12:14.117+05:30  INFO 25595 --- [springMvcProject] [http-nio-8080-exec-2] c.s.m.s.controllers.ProductController    : ProductRating : 2345
2025-04-20T19:13:22.276+05:30 ERROR 25595 --- [springMvcProject] [http-nio-8080-exec-5] c.s.m.s.controllers.ProductController    : ProductName : macbookAirM1
2025-04-20T19:13:22.281+05:30  WARN 25595 --- [springMvcProject] [http-nio-8080-exec-5] c.s.m.s.controllers.ProductController    : ProductId : 1234
2025-04-20T19:13:22.282+05:30  INFO 25595 --- [springMvcProject] [http-nio-8080-exec-5] c.s.m.s.controllers.ProductController    : ProductRating : 12
2025-04-20T19:14:53.298+05:30  INFO 25595 --- [springMvcProject] [SpringApplicationShutdownHook] o.s.b.w.e.tomcat.GracefulShutdown        : Commencing graceful shutdown. Waiting for active requests to complete
2025-04-20T19:14:53.306+05:30  INFO 25595 --- [springMvcProject] [tomcat-shutdown] o.s.b.w.e.tomcat.GracefulShutdown        : Graceful shutdown complete
2025-04-20T19:14:55.332+05:30  INFO 27338 --- [springMvcProject] [restartedMain] c.s.m.s.SpringMvcProjectApplication      : Starting SpringMvcProjectApplication using Java 21.0.6 with PID 27338 (/Users/shayan/Desktop/springMvcProject/target/classes started by shayan in /Users/shayan/Desktop/springMvcProject)
2025-04-20T19:14:55.334+05:30  INFO 27338 --- [springMvcProject] [restartedMain] c.s.m.s.SpringMvcProjectApplication      : No active profile set, falling back to 1 default profile: "default"
2025-04-20T19:14:55.376+05:30  INFO 27338 --- [springMvcProject] [restartedMain] .e.DevToolsPropertyDefaultsPostProcessor : Devtools property defaults active! Set 'spring.devtools.add-properties' to 'false' to disable
2025-04-20T19:14:55.376+05:30  INFO 27338 --- [springMvcProject] [restartedMain] .e.DevToolsPropertyDefaultsPostProcessor : For additional web related logging consider setting the 'logging.level.web' property to 'DEBUG'
2025-04-20T19:14:55.910+05:30  INFO 27338 --- [springMvcProject] [restartedMain] o.s.b.w.embedded.tomcat.TomcatWebServer  : Tomcat initialized with port 8080 (http)
2025-04-20T19:14:55.917+05:30  INFO 27338 --- [springMvcProject] [restartedMain] o.apache.catalina.core.StandardService   : Starting service [Tomcat]
2025-04-20T19:14:55.918+05:30  INFO 27338 --- [springMvcProject] [restartedMain] o.apache.catalina.core.StandardEngine    : Starting Servlet engine: [Apache Tomcat/10.1.39]
2025-04-20T19:14:55.934+05:30  INFO 27338 --- [springMvcProject] [restartedMain] o.a.c.c.C.[Tomcat].[localhost].[/]       : Initializing Spring embedded WebApplicationContext
2025-04-20T19:14:55.934+05:30  INFO 27338 --- [springMvcProject] [restartedMain] w.s.c.ServletWebServerApplicationContext : Root WebApplicationContext: initialization completed in 558 ms
2025-04-20T19:14:56.102+05:30  INFO 27338 --- [springMvcProject] [restartedMain] o.s.b.d.a.OptionalLiveReloadServer       : LiveReload server is running on port 35729
2025-04-20T19:14:56.114+05:30  INFO 27338 --- [springMvcProject] [restartedMain] o.s.b.w.embedded.tomcat.TomcatWebServer  : Tomcat started on port 8080 (http) with context path '/'
2025-04-20T19:14:56.119+05:30  INFO 27338 --- [springMvcProject] [restartedMain] c.s.m.s.SpringMvcProjectApplication      : Started SpringMvcProjectApplication in 1.043 seconds (process running for 1.308)
2025-04-20T19:14:58.860+05:30  INFO 27338 --- [springMvcProject] [http-nio-8080-exec-2] o.a.c.c.C.[Tomcat].[localhost].[/]       : Initializing Spring DispatcherServlet 'dispatcherServlet'
2025-04-20T19:14:58.861+05:30  INFO 27338 --- [springMvcProject] [http-nio-8080-exec-2] o.s.web.servlet.DispatcherServlet        : Initializing Servlet 'dispatcherServlet'
2025-04-20T19:14:58.862+05:30  INFO 27338 --- [springMvcProject] [http-nio-8080-exec-2] o.s.web.servlet.DispatcherServlet        : Completed initialization in 1 ms
2025-04-20T19:14:58.891+05:30 ERROR 27338 --- [springMvcProject] [http-nio-8080-exec-2] c.s.m.s.controllers.ProductController    : ProductName : macbookAirM1
2025-04-20T19:14:58.891+05:30  WARN 27338 --- [springMvcProject] [http-nio-8080-exec-2] c.s.m.s.controllers.ProductController    : ProductId : 1234
2025-04-20T19:14:58.891+05:30  INFO 27338 --- [springMvcProject] [http-nio-8080-exec-2] c.s.m.s.controllers.ProductController    : ProductRating : 12
2025-04-20T19:15:11.828+05:30 ERROR 27338 --- [springMvcProject] [http-nio-8080-exec-3] c.s.m.s.controllers.ProductController    : ProductName : macbookAirM1
2025-04-20T19:15:11.829+05:30  WARN 27338 --- [springMvcProject] [http-nio-8080-exec-3] c.s.m.s.controllers.ProductController    : ProductId : 1234
2025-04-20T19:15:11.829+05:30  INFO 27338 --- [springMvcProject] [http-nio-8080-exec-3] c.s.m.s.controllers.ProductController    : ProductRating : 12
2025-04-20T19:15:12.796+05:30 ERROR 27338 --- [springMvcProject] [http-nio-8080-exec-4] c.s.m.s.controllers.ProductController    : ProductName : macbookAirM1
2025-04-20T19:15:12.797+05:30  WARN 27338 --- [springMvcProject] [http-nio-8080-exec-4] c.s.m.s.controllers.ProductController    : ProductId : 1234
2025-04-20T19:15:12.797+05:30  INFO 27338 --- [springMvcProject] [http-nio-8080-exec-4] c.s.m.s.controllers.ProductController    : ProductRating : 12
2025-04-20T19:15:13.448+05:30 ERROR 27338 --- [springMvcProject] [http-nio-8080-exec-5] c.s.m.s.controllers.ProductController    : ProductName : macbookAirM1
2025-04-20T19:15:13.449+05:30  WARN 27338 --- [springMvcProject] [http-nio-8080-exec-5] c.s.m.s.controllers.ProductController    : ProductId : 1234
2025-04-20T19:15:13.449+05:30  INFO 27338 --- [springMvcProject] [http-nio-8080-exec-5] c.s.m.s.controllers.ProductController    : ProductRating : 12
2025-04-20T19:15:14.169+05:30 ERROR 27338 --- [springMvcProject] [http-nio-8080-exec-6] c.s.m.s.controllers.ProductController    : ProductName : macbookAirM1
2025-04-20T19:15:14.169+05:30  WARN 27338 --- [springMvcProject] [http-nio-8080-exec-6] c.s.m.s.controllers.ProductController    : ProductId : 1234
2025-04-20T19:15:14.169+05:30  INFO 27338 --- [springMvcProject] [http-nio-8080-exec-6] c.s.m.s.controllers.ProductController    : ProductRating : 12
2025-04-20T19:15:14.889+05:30 ERROR 27338 --- [springMvcProject] [http-nio-8080-exec-7] c.s.m.s.controllers.ProductController    : ProductName : macbookAirM1
2025-04-20T19:15:14.890+05:30  WARN 27338 --- [springMvcProject] [http-nio-8080-exec-7] c.s.m.s.controllers.ProductController    : ProductId : 1234
2025-04-20T19:15:14.890+05:30  INFO 27338 --- [springMvcProject] [http-nio-8080-exec-7] c.s.m.s.controllers.ProductController    : ProductRating : 12
2025-04-20T19:15:15.604+05:30 ERROR 27338 --- [springMvcProject] [http-nio-8080-exec-8] c.s.m.s.controllers.ProductController    : ProductName : macbookAirM1
2025-04-20T19:15:15.605+05:30  WARN 27338 --- [springMvcProject] [http-nio-8080-exec-8] c.s.m.s.controllers.ProductController    : ProductId : 1234
2025-04-20T19:15:15.605+05:30  INFO 27338 --- [springMvcProject] [http-nio-8080-exec-8] c.s.m.s.controllers.ProductController    : ProductRating : 12
2025-04-20T19:15:16.247+05:30 ERROR 27338 --- [springMvcProject] [http-nio-8080-exec-9] c.s.m.s.controllers.ProductController    : ProductName : macbookAirM1
2025-04-20T19:15:16.248+05:30  WARN 27338 --- [springMvcProject] [http-nio-8080-exec-9] c.s.m.s.controllers.ProductController    : ProductId : 1234
2025-04-20T19:15:16.248+05:30  INFO 27338 --- [springMvcProject] [http-nio-8080-exec-9] c.s.m.s.controllers.ProductController    : ProductRating : 12
2025-04-20T19:15:16.909+05:30 ERROR 27338 --- [springMvcProject] [http-nio-8080-exec-10] c.s.m.s.controllers.ProductController    : ProductName : macbookAirM1
2025-04-20T19:15:16.909+05:30  WARN 27338 --- [springMvcProject] [http-nio-8080-exec-10] c.s.m.s.controllers.ProductController    : ProductId : 1234
2025-04-20T19:15:16.910+05:30  INFO 27338 --- [springMvcProject] [http-nio-8080-exec-10] c.s.m.s.controllers.ProductController    : ProductRating : 12
2025-04-20T19:15:17.513+05:30 ERROR 27338 --- [springMvcProject] [http-nio-8080-exec-1] c.s.m.s.controllers.ProductController    : ProductName : macbookAirM1
2025-04-20T19:15:17.514+05:30  WARN 27338 --- [springMvcProject] [http-nio-8080-exec-1] c.s.m.s.controllers.ProductController    : ProductId : 1234
2025-04-20T19:15:17.514+05:30  INFO 27338 --- [springMvcProject] [http-nio-8080-exec-1] c.s.m.s.controllers.ProductController    : ProductRating : 12
2025-04-20T19:15:18.141+05:30 ERROR 27338 --- [springMvcProject] [http-nio-8080-exec-2] c.s.m.s.controllers.ProductController    : ProductName : macbookAirM1
2025-04-20T19:15:18.142+05:30  WARN 27338 --- [springMvcProject] [http-nio-8080-exec-2] c.s.m.s.controllers.ProductController    : ProductId : 1234
2025-04-20T19:15:18.142+05:30  INFO 27338 --- [springMvcProject] [http-nio-8080-exec-2] c.s.m.s.controllers.ProductController    : ProductRating : 12
2025-04-20T19:15:18.858+05:30 ERROR 27338 --- [springMvcProject] [http-nio-8080-exec-3] c.s.m.s.controllers.ProductController    : ProductName : macbookAirM1
2025-04-20T19:15:18.859+05:30  WARN 27338 --- [springMvcProject] [http-nio-8080-exec-3] c.s.m.s.controllers.ProductController    : ProductId : 1234
2025-04-20T19:15:18.859+05:30  INFO 27338 --- [springMvcProject] [http-nio-8080-exec-3] c.s.m.s.controllers.ProductController    : ProductRating : 12
2025-04-20T19:15:19.486+05:30 ERROR 27338 --- [springMvcProject] [http-nio-8080-exec-4] c.s.m.s.controllers.ProductController    : ProductName : macbookAirM1
2025-04-20T19:15:19.486+05:30  WARN 27338 --- [springMvcProject] [http-nio-8080-exec-4] c.s.m.s.controllers.ProductController    : ProductId : 1234
2025-04-20T19:15:19.487+05:30  INFO 27338 --- [springMvcProject] [http-nio-8080-exec-4] c.s.m.s.controllers.ProductController    : ProductRating : 12
2025-04-20T19:15:52.713+05:30  INFO 27338 --- [springMvcProject] [SpringApplicationShutdownHook] o.s.b.w.e.tomcat.GracefulShutdown        : Commencing graceful shutdown. Waiting for active requests to complete
2025-04-20T19:15:52.722+05:30  INFO 27338 --- [springMvcProject] [tomcat-shutdown] o.s.b.w.e.tomcat.GracefulShutdown        : Graceful shutdown complete
2025-04-20T19:15:54.159+05:30  INFO 27912 --- [springMvcProject] [restartedMain] c.s.m.s.SpringMvcProjectApplication      : Starting SpringMvcProjectApplication using Java 21.0.6 with PID 27912 (/Users/shayan/Desktop/springMvcProject/target/classes started by shayan in /Users/shayan/Desktop/springMvcProject)
2025-04-20T19:15:54.161+05:30  INFO 27912 --- [springMvcProject] [restartedMain] c.s.m.s.SpringMvcProjectApplication      : No active profile set, falling back to 1 default profile: "default"
2025-04-20T19:15:54.194+05:30  INFO 27912 --- [springMvcProject] [restartedMain] .e.DevToolsPropertyDefaultsPostProcessor : Devtools property defaults active! Set 'spring.devtools.add-properties' to 'false' to disable
2025-04-20T19:15:54.194+05:30  INFO 27912 --- [springMvcProject] [restartedMain] .e.DevToolsPropertyDefaultsPostProcessor : For additional web related logging consider setting the 'logging.level.web' property to 'DEBUG'
2025-04-20T19:15:54.602+05:30  INFO 27912 --- [springMvcProject] [restartedMain] o.s.b.w.embedded.tomcat.TomcatWebServer  : Tomcat initialized with port 8080 (http)
2025-04-20T19:15:54.608+05:30  INFO 27912 --- [springMvcProject] [restartedMain] o.apache.catalina.core.StandardService   : Starting service [Tomcat]
2025-04-20T19:15:54.609+05:30  INFO 27912 --- [springMvcProject] [restartedMain] o.apache.catalina.core.StandardEngine    : Starting Servlet engine: [Apache Tomcat/10.1.39]
2025-04-20T19:15:54.625+05:30  INFO 27912 --- [springMvcProject] [restartedMain] o.a.c.c.C.[Tomcat].[localhost].[/]       : Initializing Spring embedded WebApplicationContext
2025-04-20T19:15:54.626+05:30  INFO 27912 --- [springMvcProject] [restartedMain] w.s.c.ServletWebServerApplicationContext : Root WebApplicationContext: initialization completed in 431 ms
2025-04-20T19:15:54.806+05:30  INFO 27912 --- [springMvcProject] [restartedMain] o.s.b.d.a.OptionalLiveReloadServer       : LiveReload server is running on port 35729
2025-04-20T19:15:54.820+05:30  INFO 27912 --- [springMvcProject] [restartedMain] o.s.b.w.embedded.tomcat.TomcatWebServer  : Tomcat started on port 8080 (http) with context path '/'
2025-04-20T19:15:54.826+05:30  INFO 27912 --- [springMvcProject] [restartedMain] c.s.m.s.SpringMvcProjectApplication      : Started SpringMvcProjectApplication in 0.945 seconds (process running for 1.201)
2025-04-20T19:15:57.275+05:30  INFO 27912 --- [springMvcProject] [http-nio-8080-exec-1] o.a.c.c.C.[Tomcat].[localhost].[/]       : Initializing Spring DispatcherServlet 'dispatcherServlet'
2025-04-20T19:15:57.276+05:30  INFO 27912 --- [springMvcProject] [http-nio-8080-exec-1] o.s.web.servlet.DispatcherServlet        : Initializing Servlet 'dispatcherServlet'
2025-04-20T19:15:57.287+05:30  INFO 27912 --- [springMvcProject] [http-nio-8080-exec-1] o.s.web.servlet.DispatcherServlet        : Completed initialization in 11 ms
2025-04-20T19:15:57.317+05:30 ERROR 27912 --- [springMvcProject] [http-nio-8080-exec-1] c.s.m.s.controllers.ProductController    : ProductName : macbookAirM1
2025-04-20T19:15:57.318+05:30  WARN 27912 --- [springMvcProject] [http-nio-8080-exec-1] c.s.m.s.controllers.ProductController    : ProductId : 1234
2025-04-20T19:15:57.318+05:30  INFO 27912 --- [springMvcProject] [http-nio-8080-exec-1] c.s.m.s.controllers.ProductController    : ProductRating : 12
2025-04-20T19:16:07.202+05:30  INFO 27912 --- [springMvcProject] [SpringApplicationShutdownHook] o.s.b.w.e.tomcat.GracefulShutdown        : Commencing graceful shutdown. Waiting for active requests to complete
2025-04-20T19:16:07.209+05:30  INFO 27912 --- [springMvcProject] [tomcat-shutdown] o.s.b.w.e.tomcat.GracefulShutdown        : Graceful shutdown complete
2025-04-20T19:16:08.704+05:30  INFO 28136 --- [springMvcProject] [restartedMain] c.s.m.s.SpringMvcProjectApplication      : Starting SpringMvcProjectApplication using Java 21.0.6 with PID 28136 (/Users/shayan/Desktop/springMvcProject/target/classes started by shayan in /Users/shayan/Desktop/springMvcProject)
2025-04-20T19:16:08.705+05:30  INFO 28136 --- [springMvcProject] [restartedMain] c.s.m.s.SpringMvcProjectApplication      : No active profile set, falling back to 1 default profile: "default"
2025-04-20T19:16:08.728+05:30  INFO 28136 --- [springMvcProject] [restartedMain] .e.DevToolsPropertyDefaultsPostProcessor : Devtools property defaults active! Set 'spring.devtools.add-properties' to 'false' to disable
2025-04-20T19:16:08.728+05:30  INFO 28136 --- [springMvcProject] [restartedMain] .e.DevToolsPropertyDefaultsPostProcessor : For additional web related logging consider setting the 'logging.level.web' property to 'DEBUG'
2025-04-20T19:16:09.231+05:30  INFO 28136 --- [springMvcProject] [restartedMain] o.s.b.w.embedded.tomcat.TomcatWebServer  : Tomcat initialized with port 8080 (http)
2025-04-20T19:16:09.240+05:30  INFO 28136 --- [springMvcProject] [restartedMain] o.apache.catalina.core.StandardService   : Starting service [Tomcat]
2025-04-20T19:16:09.240+05:30  INFO 28136 --- [springMvcProject] [restartedMain] o.apache.catalina.core.StandardEngine    : Starting Servlet engine: [Apache Tomcat/10.1.39]
2025-04-20T19:16:09.257+05:30  INFO 28136 --- [springMvcProject] [restartedMain] o.a.c.c.C.[Tomcat].[localhost].[/]       : Initializing Spring embedded WebApplicationContext
2025-04-20T19:16:09.258+05:30  INFO 28136 --- [springMvcProject] [restartedMain] w.s.c.ServletWebServerApplicationContext : Root WebApplicationContext: initialization completed in 530 ms
2025-04-20T19:16:09.439+05:30  INFO 28136 --- [springMvcProject] [restartedMain] o.s.b.d.a.OptionalLiveReloadServer       : LiveReload server is running on port 35729
2025-04-20T19:16:09.455+05:30  INFO 28136 --- [springMvcProject] [restartedMain] o.s.b.w.embedded.tomcat.TomcatWebServer  : Tomcat started on port 8080 (http) with context path '/'
2025-04-20T19:16:09.462+05:30  INFO 28136 --- [springMvcProject] [restartedMain] c.s.m.s.SpringMvcProjectApplication      : Started SpringMvcProjectApplication in 1.021 seconds (process running for 1.349)
2025-04-20T19:16:11.249+05:30  INFO 28136 --- [springMvcProject] [http-nio-8080-exec-2] o.a.c.c.C.[Tomcat].[localhost].[/]       : Initializing Spring DispatcherServlet 'dispatcherServlet'
2025-04-20T19:16:11.250+05:30  INFO 28136 --- [springMvcProject] [http-nio-8080-exec-2] o.s.web.servlet.DispatcherServlet        : Initializing Servlet 'dispatcherServlet'
2025-04-20T19:16:11.251+05:30  INFO 28136 --- [springMvcProject] [http-nio-8080-exec-2] o.s.web.servlet.DispatcherServlet        : Completed initialization in 1 ms
2025-04-20T19:16:11.274+05:30 ERROR 28136 --- [springMvcProject] [http-nio-8080-exec-2] c.s.m.s.controllers.ProductController    : ProductName : macbookAirM1
2025-04-20T19:16:11.274+05:30  WARN 28136 --- [springMvcProject] [http-nio-8080-exec-2] c.s.m.s.controllers.ProductController    : ProductId : 1234
2025-04-20T19:16:11.274+05:30  INFO 28136 --- [springMvcProject] [http-nio-8080-exec-2] c.s.m.s.controllers.ProductController    : ProductRating : 12
2025-04-20T19:16:40.845+05:30  INFO 28136 --- [springMvcProject] [SpringApplicationShutdownHook] o.s.b.w.e.tomcat.GracefulShutdown        : Commencing graceful shutdown. Waiting for active requests to complete
2025-04-20T19:16:40.852+05:30  INFO 28136 --- [springMvcProject] [tomcat-shutdown] o.s.b.w.e.tomcat.GracefulShutdown        : Graceful shutdown complete
2025-04-20T19:16:42.266+05:30  INFO 28470 --- [springMvcProject] [restartedMain] c.s.m.s.SpringMvcProjectApplication      : Starting SpringMvcProjectApplication using Java 21.0.6 with PID 28470 (/Users/shayan/Desktop/springMvcProject/target/classes started by shayan in /Users/shayan/Desktop/springMvcProject)
2025-04-20T19:16:42.267+05:30 DEBUG 28470 --- [springMvcProject] [restartedMain] c.s.m.s.SpringMvcProjectApplication      : Running with Spring Boot v3.4.4, Spring v6.2.5
2025-04-20T19:16:42.267+05:30  INFO 28470 --- [springMvcProject] [restartedMain] c.s.m.s.SpringMvcProjectApplication      : No active profile set, falling back to 1 default profile: "default"
2025-04-20T19:16:42.309+05:30  INFO 28470 --- [springMvcProject] [restartedMain] .e.DevToolsPropertyDefaultsPostProcessor : Devtools property defaults active! Set 'spring.devtools.add-properties' to 'false' to disable
2025-04-20T19:16:42.310+05:30  INFO 28470 --- [springMvcProject] [restartedMain] .e.DevToolsPropertyDefaultsPostProcessor : For additional web related logging consider setting the 'logging.level.web' property to 'DEBUG'
2025-04-20T19:16:42.708+05:30  INFO 28470 --- [springMvcProject] [restartedMain] o.s.b.w.embedded.tomcat.TomcatWebServer  : Tomcat initialized with port 8080 (http)
2025-04-20T19:16:42.715+05:30  INFO 28470 --- [springMvcProject] [restartedMain] o.apache.catalina.core.StandardService   : Starting service [Tomcat]
2025-04-20T19:16:42.715+05:30  INFO 28470 --- [springMvcProject] [restartedMain] o.apache.catalina.core.StandardEngine    : Starting Servlet engine: [Apache Tomcat/10.1.39]
2025-04-20T19:16:42.730+05:30  INFO 28470 --- [springMvcProject] [restartedMain] o.a.c.c.C.[Tomcat].[localhost].[/]       : Initializing Spring embedded WebApplicationContext
2025-04-20T19:16:42.730+05:30  INFO 28470 --- [springMvcProject] [restartedMain] w.s.c.ServletWebServerApplicationContext : Root WebApplicationContext: initialization completed in 420 ms
2025-04-20T19:16:42.895+05:30  INFO 28470 --- [springMvcProject] [restartedMain] o.s.b.d.a.OptionalLiveReloadServer       : LiveReload server is running on port 35729
2025-04-20T19:16:42.906+05:30  INFO 28470 --- [springMvcProject] [restartedMain] o.s.b.w.embedded.tomcat.TomcatWebServer  : Tomcat started on port 8080 (http) with context path '/'
2025-04-20T19:16:42.911+05:30  INFO 28470 --- [springMvcProject] [restartedMain] c.s.m.s.SpringMvcProjectApplication      : Started SpringMvcProjectApplication in 0.929 seconds (process running for 1.156)
2025-04-20T19:16:45.459+05:30  INFO 28470 --- [springMvcProject] [http-nio-8080-exec-1] o.a.c.c.C.[Tomcat].[localhost].[/]       : Initializing Spring DispatcherServlet 'dispatcherServlet'
2025-04-20T19:16:45.459+05:30  INFO 28470 --- [springMvcProject] [http-nio-8080-exec-1] o.s.web.servlet.DispatcherServlet        : Initializing Servlet 'dispatcherServlet'
2025-04-20T19:16:45.460+05:30  INFO 28470 --- [springMvcProject] [http-nio-8080-exec-1] o.s.web.servlet.DispatcherServlet        : Completed initialization in 1 ms
2025-04-20T19:16:45.483+05:30 ERROR 28470 --- [springMvcProject] [http-nio-8080-exec-1] c.s.m.s.controllers.ProductController    : ProductName : macbookAirM1
2025-04-20T19:16:45.483+05:30  WARN 28470 --- [springMvcProject] [http-nio-8080-exec-1] c.s.m.s.controllers.ProductController    : ProductId : 1234
2025-04-20T19:16:45.483+05:30  INFO 28470 --- [springMvcProject] [http-nio-8080-exec-1] c.s.m.s.controllers.ProductController    : ProductRating : 12
2025-04-20T19:16:45.483+05:30 DEBUG 28470 --- [springMvcProject] [http-nio-8080-exec-1] c.s.m.s.controllers.ProductController    : This is testing for debug
2025-04-20T19:17:15.024+05:30  INFO 28470 --- [springMvcProject] [SpringApplicationShutdownHook] o.s.b.w.e.tomcat.GracefulShutdown        : Commencing graceful shutdown. Waiting for active requests to complete
2025-04-20T19:17:15.029+05:30  INFO 28470 --- [springMvcProject] [tomcat-shutdown] o.s.b.w.e.tomcat.GracefulShutdown        : Graceful shutdown complete
2025-04-20T19:17:16.346+05:30 ERROR 28804 --- [springMvcProject] [restartedMain] o.s.b.d.LoggingFailureAnalysisReporter   : 

***************************
APPLICATION FAILED TO START
***************************

Description:

Failed to bind properties under 'logging.level.com.shayan.mvc.springmvcproject' to org.springframework.boot.logging.LogLevel:

    Property: logging.level.com.shayan.mvc.springmvcproject
    Value: "DEBUG  //enabling logging.debug for our package"
    Origin: class path resource [application.properties] - 3:47
    Reason: failed to convert java.lang.String to org.springframework.boot.logging.LogLevel (caused by java.lang.IllegalArgumentException: No enum constant org.springframework.boot.logging.LogLevel.DEBUG  //enabling logging.debug for our package)

Action:

Update your application's configuration. The following values are valid:

    DEBUG
    ERROR
    FATAL
    INFO
    OFF
    TRACE
    WARN

2025-04-20T19:17:50.713+05:30  INFO 29242 --- [springMvcProject] [restartedMain] c.s.m.s.SpringMvcProjectApplication      : Starting SpringMvcProjectApplication using Java 21.0.6 with PID 29242 (/Users/shayan/Desktop/springMvcProject/target/classes started by shayan in /Users/shayan/Desktop/springMvcProject)
2025-04-20T19:17:50.714+05:30 DEBUG 29242 --- [springMvcProject] [restartedMain] c.s.m.s.SpringMvcProjectApplication      : Running with Spring Boot v3.4.4, Spring v6.2.5
2025-04-20T19:17:50.715+05:30  INFO 29242 --- [springMvcProject] [restartedMain] c.s.m.s.SpringMvcProjectApplication      : No active profile set, falling back to 1 default profile: "default"
2025-04-20T19:17:50.787+05:30  INFO 29242 --- [springMvcProject] [restartedMain] .e.DevToolsPropertyDefaultsPostProcessor : Devtools property defaults active! Set 'spring.devtools.add-properties' to 'false' to disable
2025-04-20T19:17:50.787+05:30  INFO 29242 --- [springMvcProject] [restartedMain] .e.DevToolsPropertyDefaultsPostProcessor : For additional web related logging consider setting the 'logging.level.web' property to 'DEBUG'
2025-04-20T19:17:51.215+05:30  INFO 29242 --- [springMvcProject] [restartedMain] o.s.b.w.embedded.tomcat.TomcatWebServer  : Tomcat initialized with port 8080 (http)
2025-04-20T19:17:51.223+05:30  INFO 29242 --- [springMvcProject] [restartedMain] o.apache.catalina.core.StandardService   : Starting service [Tomcat]
2025-04-20T19:17:51.223+05:30  INFO 29242 --- [springMvcProject] [restartedMain] o.apache.catalina.core.StandardEngine    : Starting Servlet engine: [Apache Tomcat/10.1.39]
2025-04-20T19:17:51.239+05:30  INFO 29242 --- [springMvcProject] [restartedMain] o.a.c.c.C.[Tomcat].[localhost].[/]       : Initializing Spring embedded WebApplicationContext
2025-04-20T19:17:51.240+05:30  INFO 29242 --- [springMvcProject] [restartedMain] w.s.c.ServletWebServerApplicationContext : Root WebApplicationContext: initialization completed in 451 ms
2025-04-20T19:17:51.433+05:30  INFO 29242 --- [springMvcProject] [restartedMain] o.s.b.d.a.OptionalLiveReloadServer       : LiveReload server is running on port 35729
2025-04-20T19:17:51.449+05:30  INFO 29242 --- [springMvcProject] [restartedMain] o.s.b.w.embedded.tomcat.TomcatWebServer  : Tomcat started on port 8080 (http) with context path '/'
2025-04-20T19:17:51.455+05:30  INFO 29242 --- [springMvcProject] [restartedMain] c.s.m.s.SpringMvcProjectApplication      : Started SpringMvcProjectApplication in 1.133 seconds (process running for 1.388)
2025-04-20T19:17:53.814+05:30  INFO 29242 --- [springMvcProject] [http-nio-8080-exec-1] o.a.c.c.C.[Tomcat].[localhost].[/]       : Initializing Spring DispatcherServlet 'dispatcherServlet'
2025-04-20T19:17:53.814+05:30  INFO 29242 --- [springMvcProject] [http-nio-8080-exec-1] o.s.web.servlet.DispatcherServlet        : Initializing Servlet 'dispatcherServlet'
2025-04-20T19:17:53.815+05:30  INFO 29242 --- [springMvcProject] [http-nio-8080-exec-1] o.s.web.servlet.DispatcherServlet        : Completed initialization in 1 ms
2025-04-20T19:17:53.837+05:30 ERROR 29242 --- [springMvcProject] [http-nio-8080-exec-1] c.s.m.s.controllers.ProductController    : ProductName : macbookAirM1
2025-04-20T19:17:53.837+05:30  WARN 29242 --- [springMvcProject] [http-nio-8080-exec-1] c.s.m.s.controllers.ProductController    : ProductId : 1234
2025-04-20T19:17:53.838+05:30  INFO 29242 --- [springMvcProject] [http-nio-8080-exec-1] c.s.m.s.controllers.ProductController    : ProductRating : 12
2025-04-20T19:17:53.838+05:30 DEBUG 29242 --- [springMvcProject] [http-nio-8080-exec-1] c.s.m.s.controllers.ProductController    : This is testing for debug
